<?xml version="1.0" encoding="UTF-8"?>
<!-- Generated by org.testng.reporters.JUnitReportReporter -->
<testsuite hostname="QH-20160302EMAV" name="com.h3tech.app.task.TestUserGatewaylist" tests="1" failures="0" timestamp="2 May 2016 05:57:41 GMT" time="1.362" errors="0">
  <testcase name="TestUserGatewaylist" time="1.362" classname="com.h3tech.app.task.TestUserGatewaylist"/>
</testsuite> <!-- com.h3tech.app.task.TestUserGatewaylist -->
