<?xml version="1.0" encoding="UTF-8"?>
<!-- Generated by org.testng.reporters.JUnitReportReporter -->
<testsuite hostname="DELL-PC" name="com.d3tech.app.task.TestUserLogin" tests="1" failures="0" timestamp="14 May 2016 07:05:12 GMT" time="0.288" errors="0">
  <testcase name="TestLogin" time="0.288" classname="com.d3tech.app.task.TestUserLogin"/>
</testsuite> <!-- com.d3tech.app.task.TestUserLogin -->
