<?xml version="1.0" encoding="UTF-8"?>
<!-- Generated by org.testng.reporters.JUnitReportReporter -->
<testsuite hostname="QH-20160302EMAV" name="com.h3tech.app.task.TestUserLogin" tests="1" failures="0" timestamp="12 May 2016 14:11:07 GMT" time="0.326" errors="0">
  <testcase name="TestLogin" time="0.326" classname="com.h3tech.app.task.TestUserLogin"/>
</testsuite> <!-- com.h3tech.app.task.TestUserLogin -->
